<?xml version="1.0" encoding="UTF-8"?>
<!-- Generated by org.testng.reporters.JUnitReportReporter -->
<testsuite skipped="0" hostname="LAPTOP-2QBB6G2F" name="qa.tests.Logintest" tests="1" failures="0" timestamp="28 Jul 2020 21:51:12 GMT" time="0.014" errors="0">
  <testcase name="test1" time="0.014" classname="qa.tests.Logintest"/>
</testsuite> <!-- qa.tests.Logintest -->
